# JRE version: OpenJDK Runtime Environment (8.0_212-b04) (build 1.8.0_212-release-1586-b04)
# Java VM: OpenJDK 64-Bit Server VM (25.212-b04 mixed mode windows-amd64 compressed oops)
Heap:
 PSYoungGen      total 496128K, used 315324K [0x00000000e0000000, 0x0000000100000000, 0x0000000100000000)
  eden space 467968K, 63% used [0x00000000e0000000,0x00000000f23570f0,0x00000000fc900000)
  from space 28160K, 60% used [0x00000000fc900000,0x00000000fd997f88,0x00000000fe480000)
  to   space 28160K, 0% used [0x00000000fe480000,0x00000000fe480000,0x0000000100000000)
 ParOldGen       total 92160K, used 63910K [0x00000000a0000000, 0x00000000a5a00000, 0x00000000e0000000)
  object space 92160K, 69% used [0x00000000a0000000,0x00000000a3e698e0,0x00000000a5a00000)
 Metaspace       used 84714K, capacity 89258K, committed 89344K, reserved 1126400K
  class space    used 11117K, capacity 12002K, committed 12032K, reserved 1048576K
GC Heap History (10 events):
Event: 16.901 GC heap before
{Heap before GC invocations=12 (full 2):
 PSYoungGen      total 240640K, used 70363K [0x00000000e0000000, 0x00000000f7800000, 0x0000000100000000)
  eden space 226304K, 24% used [0x00000000e0000000,0x00000000e36b95e8,0x00000000edd00000)
  from space 14336K, 99% used [0x00000000edd00000,0x00000000eeafd9d0,0x00000000eeb00000)
  to   space 20480K, 0% used [0x00000000f6400000,0x00000000f6400000,0x00000000f7800000)
 ParOldGen       total 65024K, used 26564K [0x00000000a0000000, 0x00000000a3f80000, 0x00000000e0000000)
  object space 65024K, 40% used [0x00000000a0000000,0x00000000a19f1208,0x00000000a3f80000)
 Metaspace       used 57096K, capacity 58938K, committed 59096K, reserved 1099776K
  class space    used 7771K, capacity 8214K, committed 8320K, reserved 1048576K
Event: 16.915 GC heap after
Heap after GC invocations=12 (full 2):
 PSYoungGen      total 360448K, used 17921K [0x00000000e0000000, 0x00000000f7800000, 0x0000000100000000)
  eden space 339968K, 0% used [0x00000000e0000000,0x00000000e0000000,0x00000000f4c00000)
  from space 20480K, 87% used [0x00000000f6400000,0x00000000f7580600,0x00000000f7800000)
  to   space 22528K, 0% used [0x00000000f4c00000,0x00000000f4c00000,0x00000000f6200000)
 ParOldGen       total 65024K, used 26572K [0x00000000a0000000, 0x00000000a3f80000, 0x00000000e0000000)
  object space 65024K, 40% used [0x00000000a0000000,0x00000000a19f3208,0x00000000a3f80000)
 Metaspace       used 57096K, capacity 58938K, committed 59096K, reserved 1099776K
  class space    used 7771K, capacity 8214K, committed 8320K, reserved 1048576K
}
Event: 16.915 GC heap before
{Heap before GC invocations=13 (full 3):
 PSYoungGen      total 360448K, used 17921K [0x00000000e0000000, 0x00000000f7800000, 0x0000000100000000)
  eden space 339968K, 0% used [0x00000000e0000000,0x00000000e0000000,0x00000000f4c00000)
  from space 20480K, 87% used [0x00000000f6400000,0x00000000f7580600,0x00000000f7800000)
  to   space 22528K, 0% used [0x00000000f4c00000,0x00000000f4c00000,0x00000000f6200000)
 ParOldGen       total 65024K, used 26572K [0x00000000a0000000, 0x00000000a3f80000, 0x00000000e0000000)
  object space 65024K, 40% used [0x00000000a0000000,0x00000000a19f3208,0x00000000a3f80000)
 Metaspace       used 57096K, capacity 58938K, committed 59096K, reserved 1099776K
  class space    used 7771K, capacity 8214K, committed 8320K, reserved 1048576K
Event: 17.099 GC heap after
Heap after GC invocations=13 (full 3):
 PSYoungGen      total 360448K, used 0K [0x00000000e0000000, 0x00000000f7800000, 0x0000000100000000)
  eden space 339968K, 0% used [0x00000000e0000000,0x00000000e0000000,0x00000000f4c00000)
  from space 20480K, 0% used [0x00000000f6400000,0x00000000f6400000,0x00000000f7800000)
  to   space 22528K, 0% used [0x00000000f4c00000,0x00000000f4c00000,0x00000000f6200000)
 ParOldGen       total 92160K, used 32777K [0x00000000a0000000, 0x00000000a5a00000, 0x00000000e0000000)
  object space 92160K, 35% used [0x00000000a0000000,0x00000000a2002680,0x00000000a5a00000)
 Metaspace       used 57096K, capacity 58938K, committed 59096K, reserved 1099776K
  class space    used 7771K, capacity 8214K, committed 8320K, reserved 1048576K
}
Event: 21.951 GC heap before
{Heap before GC invocations=14 (full 3):
 PSYoungGen      total 360448K, used 339968K [0x00000000e0000000, 0x00000000f7800000, 0x0000000100000000)
  eden space 339968K, 100% used [0x00000000e0000000,0x00000000f4c00000,0x00000000f4c00000)
  from space 20480K, 0% used [0x00000000f6400000,0x00000000f6400000,0x00000000f7800000)
  to   space 22528K, 0% used [0x00000000f4c00000,0x00000000f4c00000,0x00000000f6200000)
 ParOldGen       total 92160K, used 32777K [0x00000000a0000000, 0x00000000a5a00000, 0x00000000e0000000)
  object space 92160K, 35% used [0x00000000a0000000,0x00000000a2002680,0x00000000a5a00000)
 Metaspace       used 70910K, capacity 73840K, committed 74112K, reserved 1114112K
  class space    used 9708K, capacity 10303K, committed 10368K, reserved 1048576K
Event: 21.977 GC heap after
Heap after GC invocations=14 (full 3):
 PSYoungGen      total 362496K, used 22502K [0x00000000e0000000, 0x0000000100000000, 0x0000000100000000)
  eden space 339968K, 0% used [0x00000000e0000000,0x00000000e0000000,0x00000000f4c00000)
  from space 22528K, 99% used [0x00000000f4c00000,0x00000000f61f9890,0x00000000f6200000)
  to   space 28160K, 0% used [0x00000000fe480000,0x00000000fe480000,0x0000000100000000)
 ParOldGen       total 92160K, used 39623K [0x00000000a0000000, 0x00000000a5a00000, 0x00000000e0000000)
  object space 92160K, 42% used [0x00000000a0000000,0x00000000a26b1f80,0x00000000a5a00000)
 Metaspace       used 70910K, capacity 73840K, committed 74112K, reserved 1114112K
  class space    used 9708K, capacity 10303K, committed 10368K, reserved 1048576K
}
Event: 782.354 GC heap before
{Heap before GC invocations=15 (full 3):
 PSYoungGen      total 362496K, used 362470K [0x00000000e0000000, 0x0000000100000000, 0x0000000100000000)
  eden space 339968K, 100% used [0x00000000e0000000,0x00000000f4c00000,0x00000000f4c00000)
  from space 22528K, 99% used [0x00000000f4c00000,0x00000000f61f9890,0x00000000f6200000)
  to   space 28160K, 0% used [0x00000000fe480000,0x00000000fe480000,0x0000000100000000)
 ParOldGen       total 92160K, used 39623K [0x00000000a0000000, 0x00000000a5a00000, 0x00000000e0000000)
  object space 92160K, 42% used [0x00000000a0000000,0x00000000a26b1f80,0x00000000a5a00000)
 Metaspace       used 77526K, capacity 81480K, committed 81792K, reserved 1120256K
  class space    used 10265K, capacity 11075K, committed 11136K, reserved 1048576K
Event: 782.939 GC heap after
Heap after GC invocations=15 (full 3):
 PSYoungGen      total 496128K, used 16087K [0x00000000e0000000, 0x0000000100000000, 0x0000000100000000)
  eden space 467968K, 0% used [0x00000000e0000000,0x00000000e0000000,0x00000000fc900000)
  from space 28160K, 57% used [0x00000000fe480000,0x00000000ff435f58,0x0000000100000000)
  to   space 28160K, 0% used [0x00000000fc900000,0x00000000fc900000,0x00000000fe480000)
 ParOldGen       total 92160K, used 55434K [0x00000000a0000000, 0x00000000a5a00000, 0x00000000e0000000)
  object space 92160K, 60% used [0x00000000a0000000,0x00000000a36228b0,0x00000000a5a00000)
 Metaspace       used 77526K, capacity 81480K, committed 81792K, reserved 1120256K
  class space    used 10265K, capacity 11075K, committed 11136K, reserved 1048576K
}
Event: 2089.305 GC heap before
{Heap before GC invocations=16 (full 3):
 PSYoungGen      total 496128K, used 484055K [0x00000000e0000000, 0x0000000100000000, 0x0000000100000000)
  eden space 467968K, 100% used [0x00000000e0000000,0x00000000fc900000,0x00000000fc900000)
  from space 28160K, 57% used [0x00000000fe480000,0x00000000ff435f58,0x0000000100000000)
  to   space 28160K, 0% used [0x00000000fc900000,0x00000000fc900000,0x00000000fe480000)
 ParOldGen       total 92160K, used 55434K [0x00000000a0000000, 0x00000000a5a00000, 0x00000000e0000000)
  object space 92160K, 60% used [0x00000000a0000000,0x00000000a36228b0,0x00000000a5a00000)
 Metaspace       used 81080K, capacity 85228K, committed 85248K, reserved 1122304K
  class space    used 10699K, capacity 11516K, committed 11520K, reserved 1048576K
Event: 2089.495 GC heap after
Heap after GC invocations=16 (full 3):
 PSYoungGen      total 496128K, used 16991K [0x00000000e0000000, 0x0000000100000000, 0x0000000100000000)
  eden space 467968K, 0% used [0x00000000e0000000,0x00000000e0000000,0x00000000fc900000)
  from space 28160K, 60% used [0x00000000fc900000,0x00000000fd997f88,0x00000000fe480000)
  to   space 28160K, 0% used [0x00000000fe480000,0x00000000fe480000,0x0000000100000000)
 ParOldGen       total 92160K, used 63910K [0x00000000a0000000, 0x00000000a5a00000, 0x00000000e0000000)
  object space 92160K, 69% used [0x00000000a0000000,0x00000000a3e698e0,0x00000000a5a00000)
 Metaspace       used 81080K, capacity 85228K, committed 85248K, reserved 1122304K
  class space    used 10699K, capacity 11516K, committed 11520K, reserved 1048576K
}

